2025-02-06T00:02:12.533+05:30  INFO 26744 --- [UserService] [AsyncResolver-bootstrap-executor-%d] c.n.d.s.r.aws.ConfigClusterResolver      : Resolving eureka endpoints via configuration
2025-02-06T00:04:53.794+05:30  INFO 26744 --- [UserService] [File Watcher] rtingClassPathChangeChangedEventListener : Restarting due to 1 class path change (0 additions, 0 deletions, 1 modification)
2025-02-06T00:04:53.796+05:30  INFO 26744 --- [UserService] [Thread-1] o.s.c.n.e.s.EurekaServiceRegistry        : Unregistering application USERSERVICE with eureka with status DOWN
2025-02-06T00:04:53.796+05:30  INFO 26744 --- [UserService] [Thread-1] com.netflix.discovery.DiscoveryClient    : Saw local status change event StatusChangeEvent [timestamp=1738780493796, current=DOWN, previous=UP]
2025-02-06T00:04:53.803+05:30  INFO 26744 --- [UserService] [DiscoveryClient-InstanceInfoReplicator-%d] com.netflix.discovery.DiscoveryClient    : DiscoveryClient_USERSERVICE/LTIN561892.cts.com:UserService:8082: registering service...
2025-02-06T00:04:53.805+05:30  INFO 26744 --- [UserService] [Thread-1] o.s.b.w.e.tomcat.GracefulShutdown        : Commencing graceful shutdown. Waiting for active requests to complete
2025-02-06T00:04:53.809+05:30  INFO 26744 --- [UserService] [DiscoveryClient-InstanceInfoReplicator-%d] com.netflix.discovery.DiscoveryClient    : DiscoveryClient_USERSERVICE/LTIN561892.cts.com:UserService:8082 - registration status: 204
2025-02-06T00:04:53.809+05:30  INFO 26744 --- [UserService] [tomcat-shutdown] o.s.b.w.e.tomcat.GracefulShutdown        : Graceful shutdown complete
2025-02-06T00:04:53.814+05:30  INFO 26744 --- [UserService] [Thread-1] j.LocalContainerEntityManagerFactoryBean : Closing JPA EntityManagerFactory for persistence unit 'default'
2025-02-06T00:04:53.817+05:30  INFO 26744 --- [UserService] [Thread-1] com.zaxxer.hikari.HikariDataSource       : HikariPool-1 - Shutdown initiated...
2025-02-06T00:04:53.824+05:30  INFO 26744 --- [UserService] [Thread-1] com.zaxxer.hikari.HikariDataSource       : HikariPool-1 - Shutdown completed.
2025-02-06T00:04:53.825+05:30  INFO 26744 --- [UserService] [Thread-1] com.netflix.discovery.DiscoveryClient    : Shutting down DiscoveryClient ...
2025-02-06T00:04:56.838+05:30  INFO 26744 --- [UserService] [Thread-1] com.netflix.discovery.DiscoveryClient    : Unregistering ...
2025-02-06T00:04:56.856+05:30  INFO 26744 --- [UserService] [Thread-1] com.netflix.discovery.DiscoveryClient    : DiscoveryClient_USERSERVICE/LTIN561892.cts.com:UserService:8082 - deregister  status: 200
2025-02-06T00:04:56.856+05:30  INFO 26744 --- [UserService] [Thread-1] com.netflix.discovery.DiscoveryClient    : Completed shut down of DiscoveryClient
2025-02-06T00:04:58.104+05:30  INFO 26744 --- [UserService] [restartedMain] c.c.userservice.UserServiceApplication   : Starting UserServiceApplication using Java 21.0.5 with PID 26744 (C:\Users\2380379\git\project\UserService\target\classes started by 2380379 in C:\Users\2380379\git\project\UserService)
2025-02-06T00:04:58.105+05:30  INFO 26744 --- [UserService] [restartedMain] c.c.userservice.UserServiceApplication   : No active profile set, falling back to 1 default profile: "default"
2025-02-06T00:04:58.106+05:30  INFO 26744 --- [UserService] [restartedMain] o.s.c.c.c.ConfigServerConfigDataLoader   : Fetching config from server at : http://localhost:1234
2025-02-06T00:04:58.106+05:30  INFO 26744 --- [UserService] [restartedMain] o.s.c.c.c.ConfigServerConfigDataLoader   : Located environment: name=UserService, profiles=[default], label=null, version=00e699a214f9978dfd897b44e279f7130e434326, state=
2025-02-06T00:04:58.385+05:30  INFO 26744 --- [UserService] [restartedMain] .s.d.r.c.RepositoryConfigurationDelegate : Bootstrapping Spring Data JPA repositories in DEFAULT mode.
2025-02-06T00:04:58.396+05:30  INFO 26744 --- [UserService] [restartedMain] .s.d.r.c.RepositoryConfigurationDelegate : Finished Spring Data repository scanning in 9 ms. Found 1 JPA repository interface.
2025-02-06T00:04:58.450+05:30  INFO 26744 --- [UserService] [restartedMain] o.s.cloud.context.scope.GenericScope     : BeanFactory id=c7f09f29-324c-35a9-b9d0-73350e8c476b
2025-02-06T00:04:58.556+05:30  INFO 26744 --- [UserService] [restartedMain] o.s.b.w.embedded.tomcat.TomcatWebServer  : Tomcat initialized with port 8082 (http)
2025-02-06T00:04:58.557+05:30  INFO 26744 --- [UserService] [restartedMain] o.apache.catalina.core.StandardService   : Starting service [Tomcat]
2025-02-06T00:04:58.557+05:30  INFO 26744 --- [UserService] [restartedMain] o.apache.catalina.core.StandardEngine    : Starting Servlet engine: [Apache Tomcat/10.1.34]
2025-02-06T00:04:58.590+05:30  INFO 26744 --- [UserService] [restartedMain] o.a.c.c.C.[Tomcat].[localhost].[/]       : Initializing Spring embedded WebApplicationContext
2025-02-06T00:04:58.591+05:30  INFO 26744 --- [UserService] [restartedMain] w.s.c.ServletWebServerApplicationContext : Root WebApplicationContext: initialization completed in 484 ms
2025-02-06T00:04:58.673+05:30  INFO 26744 --- [UserService] [restartedMain] o.hibernate.jpa.internal.util.LogHelper  : HHH000204: Processing PersistenceUnitInfo [name: default]
2025-02-06T00:04:58.675+05:30  INFO 26744 --- [UserService] [restartedMain] o.h.c.internal.RegionFactoryInitiator    : HHH000026: Second-level cache disabled
2025-02-06T00:04:58.682+05:30  INFO 26744 --- [UserService] [restartedMain] o.s.o.j.p.SpringPersistenceUnitInfo      : No LoadTimeWeaver setup: ignoring JPA class transformer
2025-02-06T00:04:58.683+05:30  INFO 26744 --- [UserService] [restartedMain] com.zaxxer.hikari.HikariDataSource       : HikariPool-2 - Starting...
2025-02-06T00:04:58.696+05:30  INFO 26744 --- [UserService] [restartedMain] com.zaxxer.hikari.pool.HikariPool        : HikariPool-2 - Added connection com.mysql.cj.jdbc.ConnectionImpl@54cd2f35
2025-02-06T00:04:58.696+05:30  INFO 26744 --- [UserService] [restartedMain] com.zaxxer.hikari.HikariDataSource       : HikariPool-2 - Start completed.
2025-02-06T00:04:58.697+05:30  WARN 26744 --- [UserService] [restartedMain] org.hibernate.orm.deprecation            : HHH90000025: MySQLDialect does not need to be specified explicitly using 'hibernate.dialect' (remove the property setting and it will be selected by default)
2025-02-06T00:04:58.698+05:30  INFO 26744 --- [UserService] [restartedMain] org.hibernate.orm.connections.pooling    : HHH10001005: Database info:
	Database JDBC URL [Connecting through datasource 'HikariDataSource (HikariPool-2)']
	Database driver: undefined/unknown
	Database version: 8.0.40
	Autocommit mode: undefined/unknown
	Isolation level: undefined/unknown
	Minimum pool size: undefined/unknown
	Maximum pool size: undefined/unknown
2025-02-06T00:04:58.730+05:30  INFO 26744 --- [UserService] [restartedMain] o.h.e.t.j.p.i.JtaPlatformInitiator       : HHH000489: No JTA platform available (set 'hibernate.transaction.jta.platform' to enable JTA platform integration)
2025-02-06T00:04:58.740+05:30  INFO 26744 --- [UserService] [restartedMain] j.LocalContainerEntityManagerFactoryBean : Initialized JPA EntityManagerFactory for persistence unit 'default'
2025-02-06T00:04:58.853+05:30  WARN 26744 --- [UserService] [restartedMain] JpaBaseConfiguration$JpaWebConfiguration : spring.jpa.open-in-view is enabled by default. Therefore, database queries may be performed during view rendering. Explicitly configure spring.jpa.open-in-view to disable this warning
2025-02-06T00:04:59.053+05:30  WARN 26744 --- [UserService] [restartedMain] o.s.b.d.a.OptionalLiveReloadServer       : Unable to start LiveReload server
2025-02-06T00:04:59.096+05:30  INFO 26744 --- [UserService] [restartedMain] DiscoveryClientOptionalArgsConfiguration : Eureka HTTP Client uses RestTemplate.
2025-02-06T00:04:59.117+05:30  WARN 26744 --- [UserService] [restartedMain] iguration$LoadBalancerCaffeineWarnLogger : Spring Cloud LoadBalancer is currently working with the default cache. While this cache implementation is useful for development and tests, it's recommended to use Caffeine cache in production.You can switch to using Caffeine cache, by adding it and org.springframework.cache.caffeine.CaffeineCacheManager to the classpath.
2025-02-06T00:04:59.138+05:30  INFO 26744 --- [UserService] [restartedMain] o.s.c.n.eureka.InstanceInfoFactory       : Setting initial instance status as: STARTING
2025-02-06T00:04:59.140+05:30  INFO 26744 --- [UserService] [restartedMain] com.netflix.discovery.DiscoveryClient    : Initializing Eureka in region us-east-1
2025-02-06T00:04:59.140+05:30  INFO 26744 --- [UserService] [restartedMain] c.n.d.s.r.aws.ConfigClusterResolver      : Resolving eureka endpoints via configuration
2025-02-06T00:04:59.140+05:30  INFO 26744 --- [UserService] [restartedMain] com.netflix.discovery.DiscoveryClient    : Disable delta property : false
2025-02-06T00:04:59.140+05:30  INFO 26744 --- [UserService] [restartedMain] com.netflix.discovery.DiscoveryClient    : Single vip registry refresh property : null
2025-02-06T00:04:59.140+05:30  INFO 26744 --- [UserService] [restartedMain] com.netflix.discovery.DiscoveryClient    : Force full registry fetch : false
2025-02-06T00:04:59.140+05:30  INFO 26744 --- [UserService] [restartedMain] com.netflix.discovery.DiscoveryClient    : Application is null : false
2025-02-06T00:04:59.140+05:30  INFO 26744 --- [UserService] [restartedMain] com.netflix.discovery.DiscoveryClient    : Registered Applications size is zero : true
2025-02-06T00:04:59.140+05:30  INFO 26744 --- [UserService] [restartedMain] com.netflix.discovery.DiscoveryClient    : Application version is -1: true
2025-02-06T00:04:59.140+05:30  INFO 26744 --- [UserService] [restartedMain] com.netflix.discovery.DiscoveryClient    : Getting all instance registry info from the eureka server
2025-02-06T00:04:59.176+05:30  INFO 26744 --- [UserService] [restartedMain] com.netflix.discovery.DiscoveryClient    : The response status is 200
2025-02-06T00:04:59.176+05:30  INFO 26744 --- [UserService] [restartedMain] com.netflix.discovery.DiscoveryClient    : Starting heartbeat executor: renew interval is: 30
2025-02-06T00:04:59.176+05:30  INFO 26744 --- [UserService] [restartedMain] c.n.discovery.InstanceInfoReplicator     : InstanceInfoReplicator onDemand update allowed rate per min is 4
2025-02-06T00:04:59.177+05:30  INFO 26744 --- [UserService] [restartedMain] com.netflix.discovery.DiscoveryClient    : Discovery Client initialized at timestamp 1738780499177 with initial instances count: 3
2025-02-06T00:04:59.180+05:30  INFO 26744 --- [UserService] [restartedMain] o.s.c.n.e.s.EurekaServiceRegistry        : Registering application USERSERVICE with eureka with status UP
2025-02-06T00:04:59.181+05:30  INFO 26744 --- [UserService] [restartedMain] com.netflix.discovery.DiscoveryClient    : Saw local status change event StatusChangeEvent [timestamp=1738780499181, current=UP, previous=STARTING]
2025-02-06T00:04:59.181+05:30  INFO 26744 --- [UserService] [DiscoveryClient-InstanceInfoReplicator-%d] com.netflix.discovery.DiscoveryClient    : DiscoveryClient_USERSERVICE/LTIN561892.cts.com:UserService:8082: registering service...
2025-02-06T00:04:59.184+05:30  INFO 26744 --- [UserService] [restartedMain] o.s.b.w.embedded.tomcat.TomcatWebServer  : Tomcat started on port 8082 (http) with context path '/'
2025-02-06T00:04:59.184+05:30  INFO 26744 --- [UserService] [restartedMain] .s.c.n.e.s.EurekaAutoServiceRegistration : Updating port to 8082
2025-02-06T00:04:59.190+05:30  INFO 26744 --- [UserService] [restartedMain] c.c.userservice.UserServiceApplication   : Started UserServiceApplication in 2.235 seconds (process running for 1373.541)
2025-02-06T00:04:59.191+05:30  INFO 26744 --- [UserService] [DiscoveryClient-InstanceInfoReplicator-%d] com.netflix.discovery.DiscoveryClient    : DiscoveryClient_USERSERVICE/LTIN561892.cts.com:UserService:8082 - registration status: 204
2025-02-06T00:04:59.192+05:30  INFO 26744 --- [UserService] [restartedMain] .ConditionEvaluationDeltaLoggingListener : Condition evaluation unchanged
2025-02-06T00:09:59.159+05:30  INFO 26744 --- [UserService] [AsyncResolver-bootstrap-executor-%d] c.n.d.s.r.aws.ConfigClusterResolver      : Resolving eureka endpoints via configuration
2025-02-06T00:14:59.171+05:30  INFO 26744 --- [UserService] [AsyncResolver-bootstrap-executor-%d] c.n.d.s.r.aws.ConfigClusterResolver      : Resolving eureka endpoints via configuration
2025-02-06T00:19:59.173+05:30  INFO 26744 --- [UserService] [AsyncResolver-bootstrap-executor-%d] c.n.d.s.r.aws.ConfigClusterResolver      : Resolving eureka endpoints via configuration
2025-02-06T00:24:59.187+05:30  INFO 26744 --- [UserService] [AsyncResolver-bootstrap-executor-%d] c.n.d.s.r.aws.ConfigClusterResolver      : Resolving eureka endpoints via configuration
2025-02-06T00:29:59.728+05:30  INFO 26744 --- [UserService] [AsyncResolver-bootstrap-executor-%d] c.n.d.s.r.aws.ConfigClusterResolver      : Resolving eureka endpoints via configuration
2025-02-06T00:34:59.745+05:30  INFO 26744 --- [UserService] [AsyncResolver-bootstrap-executor-%d] c.n.d.s.r.aws.ConfigClusterResolver      : Resolving eureka endpoints via configuration
2025-02-06T00:39:59.752+05:30  INFO 26744 --- [UserService] [AsyncResolver-bootstrap-executor-%d] c.n.d.s.r.aws.ConfigClusterResolver      : Resolving eureka endpoints via configuration
2025-02-06T00:44:59.766+05:30  INFO 26744 --- [UserService] [AsyncResolver-bootstrap-executor-%d] c.n.d.s.r.aws.ConfigClusterResolver      : Resolving eureka endpoints via configuration
2025-02-06T00:49:59.779+05:30  INFO 26744 --- [UserService] [AsyncResolver-bootstrap-executor-%d] c.n.d.s.r.aws.ConfigClusterResolver      : Resolving eureka endpoints via configuration
2025-02-06T00:55:00.928+05:30  INFO 26744 --- [UserService] [AsyncResolver-bootstrap-executor-%d] c.n.d.s.r.aws.ConfigClusterResolver      : Resolving eureka endpoints via configuration
2025-02-06T00:57:40.500+05:30  WARN 26744 --- [UserService] [HikariPool-2 housekeeper] com.zaxxer.hikari.pool.HikariPool        : HikariPool-2 - Thread starvation or clock leap detected (housekeeper delta=2m38s987ms94µs200ns).
2025-02-06T01:02:09.916+05:30  INFO 26744 --- [UserService] [AsyncResolver-bootstrap-executor-%d] c.n.d.s.r.aws.ConfigClusterResolver      : Resolving eureka endpoints via configuration
2025-02-06T08:50:14.287+05:30  WARN 26744 --- [UserService] [HikariPool-2 housekeeper] com.zaxxer.hikari.pool.HikariPool        : HikariPool-2 - Thread starvation or clock leap detected (housekeeper delta=7h47m3s697ms436µs200ns).
2025-02-06T08:53:46.037+05:30  INFO 26744 --- [UserService] [AsyncResolver-bootstrap-executor-%d] c.n.d.s.r.aws.ConfigClusterResolver      : Resolving eureka endpoints via configuration
2025-02-06T08:58:46.045+05:30  INFO 26744 --- [UserService] [AsyncResolver-bootstrap-executor-%d] c.n.d.s.r.aws.ConfigClusterResolver      : Resolving eureka endpoints via configuration
2025-02-06T09:03:46.051+05:30  INFO 26744 --- [UserService] [AsyncResolver-bootstrap-executor-%d] c.n.d.s.r.aws.ConfigClusterResolver      : Resolving eureka endpoints via configuration
2025-02-06T09:08:46.057+05:30  INFO 26744 --- [UserService] [AsyncResolver-bootstrap-executor-%d] c.n.d.s.r.aws.ConfigClusterResolver      : Resolving eureka endpoints via configuration
2025-02-06T09:13:46.059+05:30  INFO 26744 --- [UserService] [AsyncResolver-bootstrap-executor-%d] c.n.d.s.r.aws.ConfigClusterResolver      : Resolving eureka endpoints via configuration
2025-02-06T09:18:46.070+05:30  INFO 26744 --- [UserService] [AsyncResolver-bootstrap-executor-%d] c.n.d.s.r.aws.ConfigClusterResolver      : Resolving eureka endpoints via configuration
2025-02-06T09:23:46.084+05:30  INFO 26744 --- [UserService] [AsyncResolver-bootstrap-executor-%d] c.n.d.s.r.aws.ConfigClusterResolver      : Resolving eureka endpoints via configuration
2025-02-06T09:28:46.090+05:30  INFO 26744 --- [UserService] [AsyncResolver-bootstrap-executor-%d] c.n.d.s.r.aws.ConfigClusterResolver      : Resolving eureka endpoints via configuration
2025-02-06T09:33:46.100+05:30  INFO 26744 --- [UserService] [AsyncResolver-bootstrap-executor-%d] c.n.d.s.r.aws.ConfigClusterResolver      : Resolving eureka endpoints via configuration
2025-02-06T09:38:46.109+05:30  INFO 26744 --- [UserService] [AsyncResolver-bootstrap-executor-%d] c.n.d.s.r.aws.ConfigClusterResolver      : Resolving eureka endpoints via configuration
2025-02-06T09:43:42.853+05:30  WARN 26744 --- [UserService] [HikariPool-2 housekeeper] com.zaxxer.hikari.pool.HikariPool        : HikariPool-2 - Thread starvation or clock leap detected (housekeeper delta=1m27s735ms141µs100ns).
2025-02-06T09:44:43.838+05:30  INFO 26744 --- [UserService] [AsyncResolver-bootstrap-executor-%d] c.n.d.s.r.aws.ConfigClusterResolver      : Resolving eureka endpoints via configuration
2025-02-06T09:49:43.854+05:30  INFO 26744 --- [UserService] [AsyncResolver-bootstrap-executor-%d] c.n.d.s.r.aws.ConfigClusterResolver      : Resolving eureka endpoints via configuration
2025-02-06T09:54:43.866+05:30  INFO 26744 --- [UserService] [AsyncResolver-bootstrap-executor-%d] c.n.d.s.r.aws.ConfigClusterResolver      : Resolving eureka endpoints via configuration
2025-02-06T09:55:53.869+05:30  INFO 26744 --- [UserService] [http-nio-8082-exec-3] o.apache.coyote.http11.Http11Processor   : Error parsing HTTP request header
 Note: further occurrences of HTTP request parsing errors will be logged at DEBUG level.

java.lang.IllegalArgumentException: Invalid character found in method name [0x160x030x020x010xc00x010x000x010xbc0x030x020xdf30xec0x14&D0x9b0xc90x85-k0xdd= ]. HTTP method names must be tokens
	at org.apache.coyote.http11.Http11InputBuffer.parseRequestLine(Http11InputBuffer.java:406) ~[tomcat-embed-core-10.1.34.jar:10.1.34]
	at org.apache.coyote.http11.Http11Processor.service(Http11Processor.java:270) ~[tomcat-embed-core-10.1.34.jar:10.1.34]
	at org.apache.coyote.AbstractProcessorLight.process(AbstractProcessorLight.java:63) ~[tomcat-embed-core-10.1.34.jar:10.1.34]
	at org.apache.coyote.AbstractProtocol$ConnectionHandler.process(AbstractProtocol.java:905) ~[tomcat-embed-core-10.1.34.jar:10.1.34]
	at org.apache.tomcat.util.net.NioEndpoint$SocketProcessor.doRun(NioEndpoint.java:1741) ~[tomcat-embed-core-10.1.34.jar:10.1.34]
	at org.apache.tomcat.util.net.SocketProcessorBase.run(SocketProcessorBase.java:52) ~[tomcat-embed-core-10.1.34.jar:10.1.34]
	at org.apache.tomcat.util.threads.ThreadPoolExecutor.runWorker(ThreadPoolExecutor.java:1190) ~[tomcat-embed-core-10.1.34.jar:10.1.34]
	at org.apache.tomcat.util.threads.ThreadPoolExecutor$Worker.run(ThreadPoolExecutor.java:659) ~[tomcat-embed-core-10.1.34.jar:10.1.34]
	at org.apache.tomcat.util.threads.TaskThread$WrappingRunnable.run(TaskThread.java:63) ~[tomcat-embed-core-10.1.34.jar:10.1.34]
	at java.base/java.lang.Thread.run(Thread.java:1583) ~[na:na]

2025-02-06T09:55:53.786+05:30  INFO 26744 --- [UserService] [http-nio-8082-exec-1] o.apache.coyote.http11.Http11Processor   : Error parsing HTTP request header
 Note: further occurrences of HTTP request parsing errors will be logged at DEBUG level.

java.lang.IllegalArgumentException: Invalid character found in method name [0x160x030x030x010xf40x010x000x010xf00x030x03@A0xce]0xaf0x100xe9w40x8f0xd70x05~0x83v0x940x850xdd0xe8'#q0xf80x880xc10x9b0x16{0x9e0x9d0x9f0xda0x000x01|0x000x000x000x010x000x020x000x030x000x040x000x050x000x060x000x070x000x080x000x090x000x0a0x000x0b0x000x0c0x000x0d0x000x0e0x000x0f0x000x100x000x110x000x120x000x130x000x140x000x150x000x160x000x170x000x180x000x190x000x1a0x000x1b0x00/0x0000x0010x0020x0030x0040x0050x0060x0070x0080x0090x00:0x00;0x00<0x00=0x00>0x00?0x00@0x00A0x00B0x00C0x00D0x00E0x00F0x00g0x00h0x00i0x00j0x00k0x00l0x00m0x000x840x000x850x000x860x000x870x000x880x000x890x000x960x000x970x000x980x000x990x000x9a0x000x9b0x000x9c0x000x9d0x000x9e0x000x9f0x000xa00x000xa10x000xa20x000xa30x000xa40x000xa50x000xa60x000xa70x000xba0x000xbb0x000xbc0x000xbd0x000xbe0x000xbf0x000xc00x000xc10x000xc20x000xc30x000xc40x000xc50x130x010x130x020x130x030x130x040x130x050xc00x010xc00x020xc00x030xc00x040xc00x050xc00x060xc00x070xc00x080xc00x090xc00x0a0xc00x0b0xc00x0c0xc00x0d0xc00x0e0xc00x0f0xc00x100xc00x110xc00x120xc00x130xc00x140xc00x150xc00x160xc00x170xc00x180xc00x190xc0#0xc0$0xc0%0xc0&0xc0'0xc0(0xc0)0xc0*0xc0+0xc0,0xc0-0xc0.0xc0/0xc000xc010xc020xc0r0xc0s0xc0t0xc0u0xc0v0xc0w0xc0x0xc0y0xc0z0xc0{0xc0|0xc0}0xc0~0xc00x7f0xc00x800xc00x810xc00x820xc00x830xc00x840xc00x850xc00x860xc00x870xc00x880xc00x890xc00x8a0xc00x8b0xc00x8c0xc00x8d0xc00x8e0xc00x8f0xc00x900xc00x910xc00x920xc00x930xc00x940xc00x950xc00x960xc00x970xc00x980xc00x990xc00x9a0xc00x9b0xcc0xa80xcc0xa90xcc0xaa0xcc0xab0xcc0xac0xcc0xad0xcc0xae0x020x000x010x00J0x000x0a0x000x0a0x000x080x000x170x000x190x000x180x000x160x000x0b0x000x040x030x000x010x020x000x0d0x0000x00.0x040x030x050x030x060x030x080x070x080x080x080x1a0x080x1b0x080x1c0x080x090x080x0a0x080x0b0x080x040x080x050x080x060x040x010x050x010x060x010x030x030x030x010x030x020x040x020x050x020x060x02...]. HTTP method names must be tokens
	at org.apache.coyote.http11.Http11InputBuffer.parseRequestLine(Http11InputBuffer.java:406) ~[tomcat-embed-core-10.1.34.jar:10.1.34]
	at org.apache.coyote.http11.Http11Processor.service(Http11Processor.java:270) ~[tomcat-embed-core-10.1.34.jar:10.1.34]
	at org.apache.coyote.AbstractProcessorLight.process(AbstractProcessorLight.java:63) ~[tomcat-embed-core-10.1.34.jar:10.1.34]
	at org.apache.coyote.AbstractProtocol$ConnectionHandler.process(AbstractProtocol.java:905) ~[tomcat-embed-core-10.1.34.jar:10.1.34]
	at org.apache.tomcat.util.net.NioEndpoint$SocketProcessor.doRun(NioEndpoint.java:1741) ~[tomcat-embed-core-10.1.34.jar:10.1.34]
	at org.apache.tomcat.util.net.SocketProcessorBase.run(SocketProcessorBase.java:52) ~[tomcat-embed-core-10.1.34.jar:10.1.34]
	at org.apache.tomcat.util.threads.ThreadPoolExecutor.runWorker(ThreadPoolExecutor.java:1190) ~[tomcat-embed-core-10.1.34.jar:10.1.34]
	at org.apache.tomcat.util.threads.ThreadPoolExecutor$Worker.run(ThreadPoolExecutor.java:659) ~[tomcat-embed-core-10.1.34.jar:10.1.34]
	at org.apache.tomcat.util.threads.TaskThread$WrappingRunnable.run(TaskThread.java:63) ~[tomcat-embed-core-10.1.34.jar:10.1.34]
	at java.base/java.lang.Thread.run(Thread.java:1583) ~[na:na]

2025-02-06T09:59:43.868+05:30  INFO 26744 --- [UserService] [AsyncResolver-bootstrap-executor-%d] c.n.d.s.r.aws.ConfigClusterResolver      : Resolving eureka endpoints via configuration
2025-02-06T10:04:43.871+05:30  INFO 26744 --- [UserService] [AsyncResolver-bootstrap-executor-%d] c.n.d.s.r.aws.ConfigClusterResolver      : Resolving eureka endpoints via configuration
2025-02-06T10:09:43.877+05:30  INFO 26744 --- [UserService] [AsyncResolver-bootstrap-executor-%d] c.n.d.s.r.aws.ConfigClusterResolver      : Resolving eureka endpoints via configuration
2025-02-06T10:14:43.882+05:30  INFO 26744 --- [UserService] [AsyncResolver-bootstrap-executor-%d] c.n.d.s.r.aws.ConfigClusterResolver      : Resolving eureka endpoints via configuration
2025-02-06T10:19:43.897+05:30  INFO 26744 --- [UserService] [AsyncResolver-bootstrap-executor-%d] c.n.d.s.r.aws.ConfigClusterResolver      : Resolving eureka endpoints via configuration
2025-02-06T10:24:43.911+05:30  INFO 26744 --- [UserService] [AsyncResolver-bootstrap-executor-%d] c.n.d.s.r.aws.ConfigClusterResolver      : Resolving eureka endpoints via configuration
2025-02-06T10:26:42.853+05:30  INFO 26744 --- [UserService] [RMI TCP Connection(205)-127.0.0.1] inMXBeanRegistrar$SpringApplicationAdmin : Application shutdown requested.
2025-02-06T10:26:42.855+05:30  INFO 26744 --- [UserService] [RMI TCP Connection(205)-127.0.0.1] o.s.c.n.e.s.EurekaServiceRegistry        : Unregistering application USERSERVICE with eureka with status DOWN
2025-02-06T10:26:42.855+05:30  INFO 26744 --- [UserService] [RMI TCP Connection(205)-127.0.0.1] com.netflix.discovery.DiscoveryClient    : Saw local status change event StatusChangeEvent [timestamp=1738817802855, current=DOWN, previous=UP]
2025-02-06T10:26:42.856+05:30  INFO 26744 --- [UserService] [DiscoveryClient-InstanceInfoReplicator-%d] com.netflix.discovery.DiscoveryClient    : DiscoveryClient_USERSERVICE/LTIN561892.cts.com:UserService:8082: registering service...
2025-02-06T10:26:42.857+05:30  INFO 26744 --- [UserService] [RMI TCP Connection(205)-127.0.0.1] o.s.b.w.e.tomcat.GracefulShutdown        : Commencing graceful shutdown. Waiting for active requests to complete
2025-02-06T10:26:42.862+05:30  INFO 26744 --- [UserService] [tomcat-shutdown] o.s.b.w.e.tomcat.GracefulShutdown        : Graceful shutdown complete
2025-02-06T10:26:42.866+05:30  INFO 26744 --- [UserService] [RMI TCP Connection(205)-127.0.0.1] j.LocalContainerEntityManagerFactoryBean : Closing JPA EntityManagerFactory for persistence unit 'default'
2025-02-06T10:26:42.868+05:30  INFO 26744 --- [UserService] [RMI TCP Connection(205)-127.0.0.1] com.zaxxer.hikari.HikariDataSource       : HikariPool-2 - Shutdown initiated...
2025-02-06T10:26:42.872+05:30  INFO 26744 --- [UserService] [RMI TCP Connection(205)-127.0.0.1] com.zaxxer.hikari.HikariDataSource       : HikariPool-2 - Shutdown completed.
2025-02-06T10:26:42.873+05:30  INFO 26744 --- [UserService] [RMI TCP Connection(205)-127.0.0.1] com.netflix.discovery.DiscoveryClient    : Shutting down DiscoveryClient ...
2025-02-06T10:26:42.873+05:30  INFO 26744 --- [UserService] [DiscoveryClient-InstanceInfoReplicator-%d] com.netflix.discovery.DiscoveryClient    : DiscoveryClient_USERSERVICE/LTIN561892.cts.com:UserService:8082 - registration status: 204
2025-02-06T10:26:42.874+05:30  INFO 26744 --- [UserService] [RMI TCP Connection(205)-127.0.0.1] com.netflix.discovery.DiscoveryClient    : Unregistering ...
2025-02-06T10:26:42.876+05:30  INFO 26744 --- [UserService] [RMI TCP Connection(205)-127.0.0.1] com.netflix.discovery.DiscoveryClient    : DiscoveryClient_USERSERVICE/LTIN561892.cts.com:UserService:8082 - deregister  status: 200
2025-02-06T10:26:42.876+05:30  INFO 26744 --- [UserService] [RMI TCP Connection(205)-127.0.0.1] com.netflix.discovery.DiscoveryClient    : Completed shut down of DiscoveryClient
2025-02-06T10:28:34.243+05:30  INFO 22984 --- [UserService] [restartedMain] c.c.userservice.UserServiceApplication   : Starting UserServiceApplication using Java 21.0.5 with PID 22984 (C:\Users\2380379\git\project\UserService\target\classes started by 2380379 in C:\Users\2380379\git\project\UserService)
2025-02-06T10:28:34.245+05:30  INFO 22984 --- [UserService] [restartedMain] c.c.userservice.UserServiceApplication   : No active profile set, falling back to 1 default profile: "default"
2025-02-06T10:28:34.298+05:30  INFO 22984 --- [UserService] [restartedMain] o.s.c.c.c.ConfigServerConfigDataLoader   : Fetching config from server at : http://localhost:1234
2025-02-06T10:28:34.298+05:30  INFO 22984 --- [UserService] [restartedMain] o.s.c.c.c.ConfigServerConfigDataLoader   : Located environment: name=UserService, profiles=[default], label=null, version=7b05e43c6904fd3b8f3435a1987be813840da52e, state=
2025-02-06T10:28:34.300+05:30  INFO 22984 --- [UserService] [restartedMain] .e.DevToolsPropertyDefaultsPostProcessor : Devtools property defaults active! Set 'spring.devtools.add-properties' to 'false' to disable
2025-02-06T10:28:34.301+05:30  INFO 22984 --- [UserService] [restartedMain] .e.DevToolsPropertyDefaultsPostProcessor : For additional web related logging consider setting the 'logging.level.web' property to 'DEBUG'
2025-02-06T10:28:35.271+05:30  INFO 22984 --- [UserService] [restartedMain] .s.d.r.c.RepositoryConfigurationDelegate : Bootstrapping Spring Data JPA repositories in DEFAULT mode.
2025-02-06T10:28:35.466+05:30  INFO 22984 --- [UserService] [restartedMain] .s.d.r.c.RepositoryConfigurationDelegate : Finished Spring Data repository scanning in 181 ms. Found 1 JPA repository interface.
2025-02-06T10:28:35.765+05:30  INFO 22984 --- [UserService] [restartedMain] o.s.cloud.context.scope.GenericScope     : BeanFactory id=c7f09f29-324c-35a9-b9d0-73350e8c476b
2025-02-06T10:28:36.592+05:30  INFO 22984 --- [UserService] [restartedMain] o.s.b.w.embedded.tomcat.TomcatWebServer  : Tomcat initialized with port 8082 (http)
2025-02-06T10:28:36.606+05:30  INFO 22984 --- [UserService] [restartedMain] o.apache.catalina.core.StandardService   : Starting service [Tomcat]
2025-02-06T10:28:36.606+05:30  INFO 22984 --- [UserService] [restartedMain] o.apache.catalina.core.StandardEngine    : Starting Servlet engine: [Apache Tomcat/10.1.34]
2025-02-06T10:28:36.678+05:30  INFO 22984 --- [UserService] [restartedMain] o.a.c.c.C.[Tomcat].[localhost].[/]       : Initializing Spring embedded WebApplicationContext
2025-02-06T10:28:36.678+05:30  INFO 22984 --- [UserService] [restartedMain] w.s.c.ServletWebServerApplicationContext : Root WebApplicationContext: initialization completed in 2377 ms
2025-02-06T10:28:36.857+05:30  INFO 22984 --- [UserService] [restartedMain] o.hibernate.jpa.internal.util.LogHelper  : HHH000204: Processing PersistenceUnitInfo [name: default]
2025-02-06T10:28:36.931+05:30  INFO 22984 --- [UserService] [restartedMain] org.hibernate.Version                    : HHH000412: Hibernate ORM core version 6.6.5.Final
2025-02-06T10:28:36.973+05:30  INFO 22984 --- [UserService] [restartedMain] o.h.c.internal.RegionFactoryInitiator    : HHH000026: Second-level cache disabled
2025-02-06T10:28:37.263+05:30  INFO 22984 --- [UserService] [restartedMain] o.s.o.j.p.SpringPersistenceUnitInfo      : No LoadTimeWeaver setup: ignoring JPA class transformer
2025-02-06T10:28:37.302+05:30  INFO 22984 --- [UserService] [restartedMain] com.zaxxer.hikari.HikariDataSource       : HikariPool-1 - Starting...
2025-02-06T10:28:37.646+05:30  INFO 22984 --- [UserService] [restartedMain] com.zaxxer.hikari.pool.HikariPool        : HikariPool-1 - Added connection com.mysql.cj.jdbc.ConnectionImpl@10680c77
2025-02-06T10:28:37.649+05:30  INFO 22984 --- [UserService] [restartedMain] com.zaxxer.hikari.HikariDataSource       : HikariPool-1 - Start completed.
2025-02-06T10:28:37.698+05:30  WARN 22984 --- [UserService] [restartedMain] org.hibernate.orm.deprecation            : HHH90000025: MySQLDialect does not need to be specified explicitly using 'hibernate.dialect' (remove the property setting and it will be selected by default)
2025-02-06T10:28:37.716+05:30  INFO 22984 --- [UserService] [restartedMain] org.hibernate.orm.connections.pooling    : HHH10001005: Database info:
	Database JDBC URL [Connecting through datasource 'HikariDataSource (HikariPool-1)']
	Database driver: undefined/unknown
	Database version: 8.0.40
	Autocommit mode: undefined/unknown
	Isolation level: undefined/unknown
	Minimum pool size: undefined/unknown
	Maximum pool size: undefined/unknown
2025-02-06T10:28:38.754+05:30  INFO 22984 --- [UserService] [restartedMain] o.h.e.t.j.p.i.JtaPlatformInitiator       : HHH000489: No JTA platform available (set 'hibernate.transaction.jta.platform' to enable JTA platform integration)
2025-02-06T10:28:38.825+05:30  INFO 22984 --- [UserService] [restartedMain] j.LocalContainerEntityManagerFactoryBean : Initialized JPA EntityManagerFactory for persistence unit 'default'
2025-02-06T10:28:39.467+05:30  WARN 22984 --- [UserService] [restartedMain] JpaBaseConfiguration$JpaWebConfiguration : spring.jpa.open-in-view is enabled by default. Therefore, database queries may be performed during view rendering. Explicitly configure spring.jpa.open-in-view to disable this warning
2025-02-06T10:28:40.297+05:30  WARN 22984 --- [UserService] [restartedMain] o.s.b.d.a.OptionalLiveReloadServer       : Unable to start LiveReload server
2025-02-06T10:28:40.394+05:30  INFO 22984 --- [UserService] [restartedMain] DiscoveryClientOptionalArgsConfiguration : Eureka HTTP Client uses RestTemplate.
2025-02-06T10:28:40.457+05:30  WARN 22984 --- [UserService] [restartedMain] iguration$LoadBalancerCaffeineWarnLogger : Spring Cloud LoadBalancer is currently working with the default cache. While this cache implementation is useful for development and tests, it's recommended to use Caffeine cache in production.You can switch to using Caffeine cache, by adding it and org.springframework.cache.caffeine.CaffeineCacheManager to the classpath.
2025-02-06T10:28:40.543+05:30  INFO 22984 --- [UserService] [restartedMain] o.s.c.n.eureka.InstanceInfoFactory       : Setting initial instance status as: STARTING
2025-02-06T10:28:40.568+05:30  INFO 22984 --- [UserService] [restartedMain] com.netflix.discovery.DiscoveryClient    : Initializing Eureka in region us-east-1
2025-02-06T10:28:40.572+05:30  INFO 22984 --- [UserService] [restartedMain] c.n.d.s.r.aws.ConfigClusterResolver      : Resolving eureka endpoints via configuration
2025-02-06T10:28:40.581+05:30  INFO 22984 --- [UserService] [restartedMain] com.netflix.discovery.DiscoveryClient    : Disable delta property : false
2025-02-06T10:28:40.582+05:30  INFO 22984 --- [UserService] [restartedMain] com.netflix.discovery.DiscoveryClient    : Single vip registry refresh property : null
2025-02-06T10:28:40.582+05:30  INFO 22984 --- [UserService] [restartedMain] com.netflix.discovery.DiscoveryClient    : Force full registry fetch : false
2025-02-06T10:28:40.582+05:30  INFO 22984 --- [UserService] [restartedMain] com.netflix.discovery.DiscoveryClient    : Application is null : false
2025-02-06T10:28:40.582+05:30  INFO 22984 --- [UserService] [restartedMain] com.netflix.discovery.DiscoveryClient    : Registered Applications size is zero : true
2025-02-06T10:28:40.582+05:30  INFO 22984 --- [UserService] [restartedMain] com.netflix.discovery.DiscoveryClient    : Application version is -1: true
2025-02-06T10:28:40.582+05:30  INFO 22984 --- [UserService] [restartedMain] com.netflix.discovery.DiscoveryClient    : Getting all instance registry info from the eureka server
2025-02-06T10:28:40.877+05:30  INFO 22984 --- [UserService] [restartedMain] com.netflix.discovery.DiscoveryClient    : The response status is 200
2025-02-06T10:28:40.879+05:30  INFO 22984 --- [UserService] [restartedMain] com.netflix.discovery.DiscoveryClient    : Starting heartbeat executor: renew interval is: 30
2025-02-06T10:28:40.881+05:30  INFO 22984 --- [UserService] [restartedMain] c.n.discovery.InstanceInfoReplicator     : InstanceInfoReplicator onDemand update allowed rate per min is 4
2025-02-06T10:28:40.882+05:30  INFO 22984 --- [UserService] [restartedMain] com.netflix.discovery.DiscoveryClient    : Discovery Client initialized at timestamp 1738817920882 with initial instances count: 3
2025-02-06T10:28:40.892+05:30  INFO 22984 --- [UserService] [restartedMain] o.s.c.n.e.s.EurekaServiceRegistry        : Registering application USERSERVICE with eureka with status UP
2025-02-06T10:28:40.893+05:30  INFO 22984 --- [UserService] [restartedMain] com.netflix.discovery.DiscoveryClient    : Saw local status change event StatusChangeEvent [timestamp=1738817920892, current=UP, previous=STARTING]
2025-02-06T10:28:40.895+05:30  INFO 22984 --- [UserService] [DiscoveryClient-InstanceInfoReplicator-%d] com.netflix.discovery.DiscoveryClient    : DiscoveryClient_USERSERVICE/LTIN561892.cts.com:UserService:8082: registering service...
2025-02-06T10:28:40.920+05:30  INFO 22984 --- [UserService] [restartedMain] o.s.b.w.embedded.tomcat.TomcatWebServer  : Tomcat started on port 8082 (http) with context path '/'
2025-02-06T10:28:40.921+05:30  INFO 22984 --- [UserService] [restartedMain] .s.c.n.e.s.EurekaAutoServiceRegistration : Updating port to 8082
2025-02-06T10:28:40.933+05:30  INFO 22984 --- [UserService] [restartedMain] c.c.userservice.UserServiceApplication   : Started UserServiceApplication in 8.508 seconds (process running for 9.386)
2025-02-06T10:28:40.946+05:30  INFO 22984 --- [UserService] [DiscoveryClient-InstanceInfoReplicator-%d] com.netflix.discovery.DiscoveryClient    : DiscoveryClient_USERSERVICE/LTIN561892.cts.com:UserService:8082 - registration status: 204
2025-02-06T10:33:40.610+05:30  INFO 22984 --- [UserService] [AsyncResolver-bootstrap-executor-%d] c.n.d.s.r.aws.ConfigClusterResolver      : Resolving eureka endpoints via configuration
2025-02-06T10:38:40.621+05:30  INFO 22984 --- [UserService] [AsyncResolver-bootstrap-executor-%d] c.n.d.s.r.aws.ConfigClusterResolver      : Resolving eureka endpoints via configuration
2025-02-06T10:43:40.625+05:30  INFO 22984 --- [UserService] [AsyncResolver-bootstrap-executor-%d] c.n.d.s.r.aws.ConfigClusterResolver      : Resolving eureka endpoints via configuration
2025-02-06T10:46:33.098+05:30  WARN 22984 --- [UserService] [HikariPool-1 housekeeper] com.zaxxer.hikari.pool.HikariPool        : HikariPool-1 - Thread starvation or clock leap detected (housekeeper delta=55s109ms616µs100ns).
2025-02-06T11:10:07.937+05:30  WARN 22984 --- [UserService] [HikariPool-1 housekeeper] com.zaxxer.hikari.pool.HikariPool        : HikariPool-1 - Thread starvation or clock leap detected (housekeeper delta=23m34s839ms772µs600ns).
2025-02-06T11:12:10.559+05:30  INFO 22984 --- [UserService] [AsyncResolver-bootstrap-executor-%d] c.n.d.s.r.aws.ConfigClusterResolver      : Resolving eureka endpoints via configuration
2025-02-06T11:17:10.570+05:30  INFO 22984 --- [UserService] [AsyncResolver-bootstrap-executor-%d] c.n.d.s.r.aws.ConfigClusterResolver      : Resolving eureka endpoints via configuration
2025-02-06T11:20:01.140+05:30  WARN 22984 --- [UserService] [HikariPool-1 housekeeper] com.zaxxer.hikari.pool.HikariPool        : HikariPool-1 - Thread starvation or clock leap detected (housekeeper delta=2m53s65ms425µs701ns).
2025-02-06T11:24:33.637+05:30  INFO 22984 --- [UserService] [AsyncResolver-bootstrap-executor-%d] c.n.d.s.r.aws.ConfigClusterResolver      : Resolving eureka endpoints via configuration
2025-02-06T11:29:33.645+05:30  INFO 22984 --- [UserService] [AsyncResolver-bootstrap-executor-%d] c.n.d.s.r.aws.ConfigClusterResolver      : Resolving eureka endpoints via configuration
2025-02-06T11:34:33.648+05:30  INFO 22984 --- [UserService] [AsyncResolver-bootstrap-executor-%d] c.n.d.s.r.aws.ConfigClusterResolver      : Resolving eureka endpoints via configuration
2025-02-06T11:39:33.654+05:30  INFO 22984 --- [UserService] [AsyncResolver-bootstrap-executor-%d] c.n.d.s.r.aws.ConfigClusterResolver      : Resolving eureka endpoints via configuration
2025-02-06T11:44:33.663+05:30  INFO 22984 --- [UserService] [AsyncResolver-bootstrap-executor-%d] c.n.d.s.r.aws.ConfigClusterResolver      : Resolving eureka endpoints via configuration
2025-02-06T11:49:33.677+05:30  INFO 22984 --- [UserService] [AsyncResolver-bootstrap-executor-%d] c.n.d.s.r.aws.ConfigClusterResolver      : Resolving eureka endpoints via configuration
2025-02-06T11:54:33.686+05:30  INFO 22984 --- [UserService] [AsyncResolver-bootstrap-executor-%d] c.n.d.s.r.aws.ConfigClusterResolver      : Resolving eureka endpoints via configuration
2025-02-06T11:59:33.691+05:30  INFO 22984 --- [UserService] [AsyncResolver-bootstrap-executor-%d] c.n.d.s.r.aws.ConfigClusterResolver      : Resolving eureka endpoints via configuration
2025-02-06T12:04:33.705+05:30  INFO 22984 --- [UserService] [AsyncResolver-bootstrap-executor-%d] c.n.d.s.r.aws.ConfigClusterResolver      : Resolving eureka endpoints via configuration
2025-02-06T12:09:33.715+05:30  INFO 22984 --- [UserService] [AsyncResolver-bootstrap-executor-%d] c.n.d.s.r.aws.ConfigClusterResolver      : Resolving eureka endpoints via configuration
2025-02-06T12:14:33.721+05:30  INFO 22984 --- [UserService] [AsyncResolver-bootstrap-executor-%d] c.n.d.s.r.aws.ConfigClusterResolver      : Resolving eureka endpoints via configuration
2025-02-06T12:19:33.730+05:30  INFO 22984 --- [UserService] [AsyncResolver-bootstrap-executor-%d] c.n.d.s.r.aws.ConfigClusterResolver      : Resolving eureka endpoints via configuration
2025-02-06T12:24:33.732+05:30  INFO 22984 --- [UserService] [AsyncResolver-bootstrap-executor-%d] c.n.d.s.r.aws.ConfigClusterResolver      : Resolving eureka endpoints via configuration
2025-02-06T12:29:33.747+05:30  INFO 22984 --- [UserService] [AsyncResolver-bootstrap-executor-%d] c.n.d.s.r.aws.ConfigClusterResolver      : Resolving eureka endpoints via configuration
2025-02-06T12:34:33.756+05:30  INFO 22984 --- [UserService] [AsyncResolver-bootstrap-executor-%d] c.n.d.s.r.aws.ConfigClusterResolver      : Resolving eureka endpoints via configuration
2025-02-06T12:39:33.771+05:30  INFO 22984 --- [UserService] [AsyncResolver-bootstrap-executor-%d] c.n.d.s.r.aws.ConfigClusterResolver      : Resolving eureka endpoints via configuration
2025-02-06T12:44:33.775+05:30  INFO 22984 --- [UserService] [AsyncResolver-bootstrap-executor-%d] c.n.d.s.r.aws.ConfigClusterResolver      : Resolving eureka endpoints via configuration
2025-02-06T12:49:33.788+05:30  INFO 22984 --- [UserService] [AsyncResolver-bootstrap-executor-%d] c.n.d.s.r.aws.ConfigClusterResolver      : Resolving eureka endpoints via configuration
2025-02-06T12:54:33.792+05:30  INFO 22984 --- [UserService] [AsyncResolver-bootstrap-executor-%d] c.n.d.s.r.aws.ConfigClusterResolver      : Resolving eureka endpoints via configuration
2025-02-06T12:59:33.803+05:30  INFO 22984 --- [UserService] [AsyncResolver-bootstrap-executor-%d] c.n.d.s.r.aws.ConfigClusterResolver      : Resolving eureka endpoints via configuration
2025-02-06T13:04:33.812+05:30  INFO 22984 --- [UserService] [AsyncResolver-bootstrap-executor-%d] c.n.d.s.r.aws.ConfigClusterResolver      : Resolving eureka endpoints via configuration
2025-02-06T13:09:33.823+05:30  INFO 22984 --- [UserService] [AsyncResolver-bootstrap-executor-%d] c.n.d.s.r.aws.ConfigClusterResolver      : Resolving eureka endpoints via configuration
2025-02-06T13:14:33.832+05:30  INFO 22984 --- [UserService] [AsyncResolver-bootstrap-executor-%d] c.n.d.s.r.aws.ConfigClusterResolver      : Resolving eureka endpoints via configuration
2025-02-06T13:17:36.970+05:30  WARN 22984 --- [UserService] [HikariPool-1 housekeeper] com.zaxxer.hikari.pool.HikariPool        : HikariPool-1 - Thread starvation or clock leap detected (housekeeper delta=1m34s67ms509µs199ns).
2025-02-06T13:20:37.888+05:30  INFO 22984 --- [UserService] [AsyncResolver-bootstrap-executor-%d] c.n.d.s.r.aws.ConfigClusterResolver      : Resolving eureka endpoints via configuration
2025-02-06T13:25:37.901+05:30  INFO 22984 --- [UserService] [AsyncResolver-bootstrap-executor-%d] c.n.d.s.r.aws.ConfigClusterResolver      : Resolving eureka endpoints via configuration
2025-02-06T13:30:37.908+05:30  INFO 22984 --- [UserService] [AsyncResolver-bootstrap-executor-%d] c.n.d.s.r.aws.ConfigClusterResolver      : Resolving eureka endpoints via configuration
2025-02-06T13:44:20.613+05:30  WARN 22984 --- [UserService] [HikariPool-1 housekeeper] com.zaxxer.hikari.pool.HikariPool        : HikariPool-1 - Thread starvation or clock leap detected (housekeeper delta=13m43s500ms780µs).
2025-02-06T13:48:51.410+05:30  INFO 22984 --- [UserService] [AsyncResolver-bootstrap-executor-%d] c.n.d.s.r.aws.ConfigClusterResolver      : Resolving eureka endpoints via configuration
2025-02-06T14:25:01.628+05:30  WARN 22984 --- [UserService] [HikariPool-1 housekeeper] com.zaxxer.hikari.pool.HikariPool        : HikariPool-1 - Thread starvation or clock leap detected (housekeeper delta=32m10s886ms847µs800ns).
2025-02-06T14:25:32.306+05:30  INFO 22984 --- [UserService] [AsyncResolver-bootstrap-executor-%d] c.n.d.s.r.aws.ConfigClusterResolver      : Resolving eureka endpoints via configuration
2025-02-06T14:30:32.322+05:30  INFO 22984 --- [UserService] [AsyncResolver-bootstrap-executor-%d] c.n.d.s.r.aws.ConfigClusterResolver      : Resolving eureka endpoints via configuration
